2021-11-18 17:10:16.541  INFO 4072 --- [main] lavalink.server.Launcher                 : 

[32m       .  [31m _                  _ _       _    [32m__ _ _
[32m      /\\ [31m| | __ ___   ____ _| (_)_ __ | | __[32m\ \ \ \
[32m     ( ( )[31m| |/ _` \ \ / / _` | | | '_ \| |/ /[32m \ \ \ \
[32m      \\/ [31m| | (_| |\ V / (_| | | | | | |   < [32m  ) ) ) )
[32m       '  [31m|_|\__,_| \_/ \__,_|_|_|_| |_|_|\_\[32m / / / /
[0m    =========================================[32m/_/_/_/[0m

	Version:        2ac6bf4e0dcab9ba7493b0494316b8bee698913d-SNAPSHOT
	Build:          1232
	Build time:     20.04.2021 07:05:21 UTC
	Branch          master
	Commit:         2ac6bf4
	Commit time:    20.04.2021 07:02:46 UTC
	JVM:            16.0.2
	Lavaplayer      1.3.76

2021-11-18 17:10:16.645  INFO 4072 --- [main] o.s.boot.SpringApplication               : 
  .   ____          _            __ _ _
 /\\ / ___'_ __ _ _(_)_ __  __ _ \ \ \ \
( ( )\___ | '_ | '_| | '_ \/ _` | \ \ \ \
 \\/  ___)| |_)| | | | | || (_| |  ) ) ) )
  '  |____| .__|_| |_|_| |_\__, | / / / /
 =========|_|==============|___/=/_/_/_/
 :: Spring Boot ::        (v2.1.8.RELEASE)


2021-11-18 17:10:16.753  INFO 4072 --- [main] lavalink.server.Launcher                 : Starting Launcher on DESKTOP-BL7VOMB with PID 4072 (L:\kyle\discord\Testbot\Lavalink.jar started by kylez in L:\kyle\discord\Testbot)
2021-11-18 17:10:16.754  INFO 4072 --- [main] lavalink.server.Launcher                 : No active profile set, falling back to default profiles: default
2021-11-18 17:10:16.790  WARN 4072 --- [background-preinit] o.s.h.c.j.Jackson2ObjectMapperBuilder    : For Jackson Kotlin classes support please add "com.fasterxml.jackson.module:jackson-module-kotlin" to the classpath
2021-11-18 17:10:18.035  WARN 4072 --- [main] io.undertow.websockets.jsr               : UT026010: Buffer pool was not set on WebSocketDeploymentInfo, the default pool will be used
2021-11-18 17:10:18.081  INFO 4072 --- [main] io.undertow.servlet                      : Initializing Spring embedded WebApplicationContext
2021-11-18 17:10:18.081  INFO 4072 --- [main] o.s.web.context.ContextLoader            : Root WebApplicationContext: initialization completed in 1278 ms
2021-11-18 17:10:18.520  WARN 4072 --- [main] l.server.config.SentryConfiguration      : Turning off sentry
2021-11-18 17:10:18.825  INFO 4072 --- [main] c.s.d.l.tools.GarbageCollectionMonitor   : GC monitoring enabled, reporting results every 2 minutes.
2021-11-18 17:10:19.095  INFO 4072 --- [main] lavalink.server.config.KoeConfiguration  : OS: Windows 10, Arch: amd64
2021-11-18 17:10:19.096  WARN 4072 --- [main] lavalink.server.config.KoeConfiguration  : This system and architecture appears to not support native audio sending! GC pauses may cause your bot to stutter during playback.
2021-11-18 17:10:19.341  INFO 4072 --- [main] o.s.s.concurrent.ThreadPoolTaskExecutor  : Initializing ExecutorService 'applicationTaskExecutor'
2021-11-18 17:10:19.656  INFO 4072 --- [main] org.xnio                                 : XNIO version 3.3.8.Final
2021-11-18 17:10:19.669  INFO 4072 --- [main] org.xnio.nio                             : XNIO NIO Implementation Version 3.3.8.Final
2021-11-18 17:10:19.734  INFO 4072 --- [main] o.s.b.w.e.u.UndertowServletWebServer     : Undertow started on port(s) 2333 (http) with context path ''
2021-11-18 17:10:19.737  INFO 4072 --- [main] lavalink.server.Launcher                 : Started Launcher in 4.088 seconds (JVM running for 5.129)
2021-11-18 17:10:19.739  INFO 4072 --- [main] lavalink.server.Launcher                 : You can safely ignore the big red warning about illegal reflection. See https://github.com/freyacodes/Lavalink/issues/295
2021-11-18 17:10:28.715  INFO 4072 --- [XNIO-1 task-1] io.undertow.servlet                      : Initializing Spring DispatcherServlet 'dispatcherServlet'
2021-11-18 17:10:28.715  INFO 4072 --- [XNIO-1 task-1] o.s.web.servlet.DispatcherServlet        : Initializing Servlet 'dispatcherServlet'
2021-11-18 17:10:28.726  INFO 4072 --- [XNIO-1 task-1] o.s.web.servlet.DispatcherServlet        : Completed initialization in 9 ms
2021-11-18 17:10:28.756  INFO 4072 --- [XNIO-1 task-1] l.server.io.HandshakeInterceptorImpl     : Incoming connection from /127.0.0.1:55189
2021-11-18 17:10:28.826  INFO 4072 --- [XNIO-1 task-1] lavalink.server.io.SocketServer          : Connection successfully established from /127.0.0.1:55189
2021-11-18 17:11:41.887  INFO 4072 --- [XNIO-1 task-2] l.server.player.AudioLoaderRestHandler   : Got request to load for identifier "https://www.youtube.com/playlist?list=PLJeATKkkEwOwJdIo6ifjDrOJteqHkKS8v"
2021-11-18 17:11:42.439  INFO 4072 --- [lava-daemon-pool-info-loader-2-thread-1] lavalink.server.player.AudioLoader       : Loaded playlist Songs to vibe to
2021-11-18 17:11:42.745  INFO 4072 --- [XNIO-1 I/O-1] lavalink.server.io.SocketServer          : {"op": "volume", "guildId": "854086586743128104", "volume": 40}
2021-11-18 17:11:42.845  INFO 4072 --- [XNIO-1 I/O-1] lavalink.server.io.SocketServer          : {"op": "voiceUpdate", "guildId": "854086586743128104", "sessionId": "0f81aade17d980753eb5f61f8f223c43", "event": {"token": "7afb215e8eab7964", "guild_id": "854086586743128104", "endpoint": "santa-clara8936.discord.media:443"}}
